2025-03-24_19:47:22 | Session ID: 1742842029 | Name: unknown    | UPLOAD | Status: REQUESTED  | File: original= tunnel.png, sanitized= tunnel.png, saved= tunnel_2025-03-24_19:47:22.png
2025-03-24_19:47:22 | Session ID: 1742842029 | Name: unknown    | UPLOAD | Status: SUCCESS    | File: original= tunnel.png, sanitized= tunnel.png, saved= tunnel_2025-03-24_19:47:22.png
2025-03-24_19:47:33 | Session ID: 1742842029 | Name: unknown    | DELETE | Status: REQUESTED  | File: /tunnel_2025-03-24_19:47:22.png
2025-03-24_19:47:33 | Session ID: 1742842029 | Name: unknown    | DELETE | Status: SUCCESS    | File: /tunnel_2025-03-24_19:47:22.png
2025-03-24_19:47:49 | Session ID: 1742842029 | Name: unknown    | DELETE | Status: REQUESTED  | File: /password.txt
2025-03-24_19:48:01 | Session ID: 1742842029 | Name: unknown    | UPLOAD | Status: REQUESTED  | File: original= meow.png, sanitized= meow.png, saved= meow_2025-03-24_19:48:01.png
2025-03-24_19:48:01 | Session ID: 1742842029 | Name: unknown    | UPLOAD | Status: SUCCESS    | File: original= meow.png, sanitized= meow.png, saved= meow_2025-03-24_19:48:01.png
2025-03-28_18:10:42 | Session ID: 1743181842 | Name: unknown    | DELETE | Status: REQUESTED  | File: /temp_file.txt
2025-03-28_18:11:52 | Session ID: 1743181912 | Name: unknown    | DELETE | Status: REQUESTED  | File: /temp_file.txt
2025-03-28_18:41:11 | Session ID: 1743183671 | Name: unknown    | DELETE | Status: REQUESTED  | File: /temp_file.txt
2025-03-28_18:41:43 | Session ID: 1743183703 | Name: unknown    | DELETE | Status: REQUESTED  | File: /temp_file.txt
2025-03-28_18:46:12 | Session ID: 1743183972 | Name: unknown    | DELETE | Status: REQUESTED  | File: /temp_file.txt
2025-03-28_18:46:16 | Session ID: 1743183976 | Name: unknown    | DELETE | Status: REQUESTED  | File: /temp_file.txt
2025-03-28_18:55:59 | Session ID: 1743184559 | Name: unknown    | DELETE | Status: REQUESTED  | File: /temp_file.txt
2025-03-28_18:58:15 | Session ID: 1743184695 | Name: unknown    | DELETE | Status: REQUESTED  | File: /temp_file.txt
2025-03-28_18:59:43 | Session ID: 1743184783 | Name: unknown    | DELETE | Status: REQUESTED  | File: /temp_file.txt
2025-03-28_18:59:43 | Session ID: 1743184783 | Name: unknown    | DELETE | Status: SUCCESS    | File: /temp_file.txt
2025-03-28_19:02:22 | Session ID: 1743184942 | Name: unknown    | DELETE | Status: REQUESTED  | File: /temp_file.txt
2025-03-28_19:02:22 | Session ID: 1743184942 | Name: unknown    | DELETE | Status: SUCCESS    | File: /temp_file.txt
2025-03-28_19:06:07 | Session ID: 1743185167 | Name: unknown    | DELETE | Status: REQUESTED  | File: /temp_file.txt
2025-03-28_19:07:08 | Session ID: 1743185228 | Name: unknown    | DELETE | Status: REQUESTED  | File: /temp_file.txt
2025-03-28_19:07:08 | Session ID: 1743185228 | Name: unknown    | DELETE | Status: SUCCESS    | File: /temp_file.txt
2025-03-28_21:23:02 | Session ID: 1743193382 | Name: unknown    | DELETE | Status: REQUESTED  | File: /temp_file.txt
2025-03-28_21:27:20 | Session ID: 1743193640 | Name: unknown    | DELETE | Status: REQUESTED  | File: /temp_file.txt
2025-03-28_21:27:20 | Session ID: 1743193640 | Name: unknown    | DELETE | Status: SUCCESS    | File: /temp_file.txt
2025-03-28_21:29:24 | Session ID: 1743193764 | Name: unknown    | DELETE | Status: REQUESTED  | File: /temp_file.txt
2025-03-28_21:29:24 | Session ID: 1743193764 | Name: unknown    | DELETE | Status: SUCCESS    | File: /temp_file.txt
2025-03-28_21:32:07 | Session ID: 1743193927 | Name: unknown    | DELETE | Status: REQUESTED  | File: /temp_file.txt
2025-03-28_21:32:07 | Session ID: 1743193927 | Name: unknown    | DELETE | Status: SUCCESS    | File: /temp_file.txt
2025-03-29_19:29:12 | Session ID: 1743272952 | Name: unknown    | DELETE | Status: REQUESTED  | File: /temp_file.txt
2025-03-29_19:32:44 | Session ID: 1743273164 | Name: unknown    | DELETE | Status: REQUESTED  | File: /temp_file.txt
2025-03-29_19:32:44 | Session ID: 1743273164 | Name: unknown    | DELETE | Status: SUCCESS    | File: /temp_file.txt
2025-03-29_19:40:05 | Session ID: 1743273605 | Name: unknown    | DELETE | Status: REQUESTED  | File: /temp_file.txt
2025-03-29_19:40:55 | Session ID: 1743273655 | Name: unknown    | DELETE | Status: REQUESTED  | File: /temp_file.txt
2025-03-29_19:40:55 | Session ID: 1743273655 | Name: unknown    | DELETE | Status: SUCCESS    | File: /temp_file.txt
2025-03-29_19:43:23 | Session ID: 1743273803 | Name: unknown    | DELETE | Status: REQUESTED  | File: /temp_file.txt
2025-03-29_19:43:42 | Session ID: 1743273822 | Name: unknown    | DELETE | Status: REQUESTED  | File: /temp_file.txt
2025-03-29_19:43:42 | Session ID: 1743273822 | Name: unknown    | DELETE | Status: SUCCESS    | File: /temp_file.txt
2025-03-29_19:46:35 | Session ID: 1743273995 | Name: unknown    | DELETE | Status: REQUESTED  | File: /temp_file.txt
2025-03-29_19:46:35 | Session ID: 1743273995 | Name: unknown    | DELETE | Status: SUCCESS    | File: /temp_file.txt
2025-03-29_19:48:00 | Session ID: 1743274080 | Name: unknown    | DELETE | Status: REQUESTED  | File: /temp_file.txt
2025-03-29_19:48:09 | Session ID: 1743274089 | Name: unknown    | DELETE | Status: REQUESTED  | File: /temp_file.txt
2025-03-29_19:48:09 | Session ID: 1743274089 | Name: unknown    | DELETE | Status: SUCCESS    | File: /temp_file.txt
2025-03-29_19:51:52 | Session ID: 1743274312 | Name: unknown    | DELETE | Status: REQUESTED  | File: /temp_file.txt
2025-03-29_19:52:17 | Session ID: 1743274337 | Name: unknown    | DELETE | Status: REQUESTED  | File: /temp_file.txt
2025-03-29_19:52:17 | Session ID: 1743274337 | Name: unknown    | DELETE | Status: SUCCESS    | File: /temp_file.txt
2025-03-29_20:01:29 | Session ID: 1743274889 | Name: unknown    | DELETE | Status: REQUESTED  | File: /temp_file.txt
2025-03-29_20:01:29 | Session ID: 1743274889 | Name: unknown    | DELETE | Status: SUCCESS    | File: /temp_file.txt
2025-03-29_20:03:10 | Session ID: 1743274990 | Name: unknown    | DELETE | Status: REQUESTED  | File: /temp_file.txt
2025-03-29_20:03:10 | Session ID: 1743274990 | Name: unknown    | DELETE | Status: SUCCESS    | File: /temp_file.txt
2025-03-29_20:04:28 | Session ID: 1743275068 | Name: unknown    | DELETE | Status: REQUESTED  | File: /temp_file.txt
2025-03-29_20:04:28 | Session ID: 1743275068 | Name: unknown    | DELETE | Status: SUCCESS    | File: /temp_file.txt
2025-03-29_20:08:27 | Session ID: 1743275307 | Name: unknown    | DELETE | Status: REQUESTED  | File: /temp_file.txt
2025-03-29_20:08:27 | Session ID: 1743275307 | Name: unknown    | DELETE | Status: SUCCESS    | File: /temp_file.txt
2025-03-29_20:15:03 | Session ID: 1743275703 | Name: unknown    | DELETE | Status: REQUESTED  | File: /temp_file.txt
2025-03-29_20:15:03 | Session ID: 1743275703 | Name: unknown    | DELETE | Status: SUCCESS    | File: /temp_file.txt
2025-03-29_20:17:13 | Session ID: 1743275833 | Name: unknown    | DELETE | Status: REQUESTED  | File: /temp_file.txt
2025-03-29_20:17:13 | Session ID: 1743275833 | Name: unknown    | DELETE | Status: SUCCESS    | File: /temp_file.txt
2025-03-29_20:18:46 | Session ID: 1743275926 | Name: unknown    | DELETE | Status: REQUESTED  | File: /temp_file.txt
2025-03-29_20:18:46 | Session ID: 1743275926 | Name: unknown    | DELETE | Status: SUCCESS    | File: /temp_file.txt
2025-03-29_20:18:46 | Session ID: 1743275926 | Name: unknown    | DELETE | Status: REQUESTED  | File: /temp_file.txt
2025-03-29_20:18:46 | Session ID: 1743275926 | Name: unknown    | DELETE | Status: SUCCESS    | File: /temp_file.txt
2025-03-29_20:25:40 | Session ID: 1743276340 | Name: unknown    | DELETE | Status: REQUESTED  | File: /temp_file.txt
2025-03-29_20:25:40 | Session ID: 1743276340 | Name: unknown    | DELETE | Status: SUCCESS    | File: /temp_file.txt
2025-03-29_20:27:02 | Session ID: 1743276422 | Name: unknown    | DELETE | Status: REQUESTED  | File: /temp_file.txt
2025-03-29_20:27:02 | Session ID: 1743276422 | Name: unknown    | DELETE | Status: SUCCESS    | File: /temp_file.txt
2025-03-29_20:27:02 | Session ID: 1743276422 | Name: unknown    | DELETE | Status: REQUESTED  | File: /temp_file.txt
2025-03-29_20:27:02 | Session ID: 1743276422 | Name: unknown    | DELETE | Status: SUCCESS    | File: /temp_file.txt
2025-03-29_20:30:22 | Session ID: 1743276622 | Name: unknown    | DELETE | Status: REQUESTED  | File: /temp_file.txt
2025-03-29_20:30:22 | Session ID: 1743276622 | Name: unknown    | DELETE | Status: SUCCESS    | File: /temp_file.txt
2025-03-29_20:30:22 | Session ID: 1743276622 | Name: unknown    | DELETE | Status: REQUESTED  | File: /temp_file.txt
2025-03-29_20:30:22 | Session ID: 1743276622 | Name: unknown    | DELETE | Status: SUCCESS    | File: /temp_file.txt
2025-03-29_20:32:55 | Session ID: 1743276775 | Name: unknown    | DELETE | Status: REQUESTED  | File: /temp_file.txt
2025-03-29_20:32:55 | Session ID: 1743276775 | Name: unknown    | DELETE | Status: SUCCESS    | File: /temp_file.txt
2025-03-29_20:32:55 | Session ID: 1743276775 | Name: unknown    | DELETE | Status: REQUESTED  | File: /temp_file.txt
2025-03-29_20:32:55 | Session ID: 1743276775 | Name: unknown    | DELETE | Status: SUCCESS    | File: /temp_file.txt
2025-03-29_20:51:29 | Session ID: 1743277889 | Name: unknown    | DELETE | Status: REQUESTED  | File: /temp_file.txt
2025-03-29_20:51:29 | Session ID: 1743277889 | Name: unknown    | DELETE | Status: SUCCESS    | File: /temp_file.txt
2025-03-29_20:51:29 | Session ID: 1743277889 | Name: unknown    | DELETE | Status: REQUESTED  | File: /temp_file.txt
2025-03-29_20:51:29 | Session ID: 1743277889 | Name: unknown    | DELETE | Status: SUCCESS    | File: /temp_file.txt
2025-03-29_20:59:14 | Session ID: 1743278354 | Name: unknown    | DELETE | Status: REQUESTED  | File: /temp_file.txt
2025-03-29_20:59:14 | Session ID: 1743278354 | Name: unknown    | DELETE | Status: SUCCESS    | File: /temp_file.txt
2025-03-29_20:59:42 | Session ID: 1743278382 | Name: unknown    | DELETE | Status: REQUESTED  | File: /temp_file.txt
2025-03-29_20:59:42 | Session ID: 1743278382 | Name: unknown    | DELETE | Status: SUCCESS    | File: /temp_file.txt
2025-03-30_12:32:30 | Session ID: 1743330750 | Name: unknown    | DELETE | Status: REQUESTED  | File: /temp_file.txt
2025-03-30_12:32:30 | Session ID: 1743330750 | Name: unknown    | DELETE | Status: SUCCESS    | File: /temp_file.txt
2025-03-30_12:35:50 | Session ID: 1743330950 | Name: unknown    | DELETE | Status: REQUESTED  | File: /temp_file.txt
2025-03-30_12:35:50 | Session ID: 1743330950 | Name: unknown    | DELETE | Status: SUCCESS    | File: /temp_file.txt
2025-03-30_12:41:46 | Session ID: 1743331306 | Name: unknown    | DELETE | Status: REQUESTED  | File: /temp_file.txt
2025-03-30_12:41:46 | Session ID: 1743331306 | Name: unknown    | DELETE | Status: SUCCESS    | File: /temp_file.txt
2025-03-30_12:52:09 | Session ID: 1743331929 | Name: unknown    | DELETE | Status: REQUESTED  | File: /temp_file.txt
2025-03-30_12:52:09 | Session ID: 1743331929 | Name: unknown    | DELETE | Status: SUCCESS    | File: /temp_file.txt
2025-03-30_13:06:51 | Session ID: 1743332811 | Name: unknown    | DELETE | Status: REQUESTED  | File: /temp_file.txt
2025-03-30_13:06:51 | Session ID: 1743332811 | Name: unknown    | DELETE | Status: SUCCESS    | File: /temp_file.txt
2025-03-30_13:09:07 | Session ID: 1743332947 | Name: unknown    | DELETE | Status: REQUESTED  | File: /temp_file.txt
2025-03-30_13:09:07 | Session ID: 1743332947 | Name: unknown    | DELETE | Status: SUCCESS    | File: /temp_file.txt
2025-03-30_13:09:57 | Session ID: 1743332997 | Name: unknown    | DELETE | Status: REQUESTED  | File: /temp_file.txt
2025-03-30_13:09:57 | Session ID: 1743332997 | Name: unknown    | DELETE | Status: SUCCESS    | File: /temp_file.txt
2025-03-30_13:14:37 | Session ID: 1743333277 | Name: unknown    | DELETE | Status: REQUESTED  | File: /temp_file.txt
2025-03-30_13:14:37 | Session ID: 1743333277 | Name: unknown    | DELETE | Status: SUCCESS    | File: /temp_file.txt
2025-03-30_13:56:27 | Session ID: 1743335787 | Name: unknown    | DELETE | Status: REQUESTED  | File: /temp_file.txt
2025-03-30_13:56:27 | Session ID: 1743335787 | Name: unknown    | DELETE | Status: SUCCESS    | File: /temp_file.txt
2025-03-30_14:37:13 | Session ID: 1743338233 | Name: unknown    | DELETE | Status: REQUESTED  | File: /temp_file.txt
2025-03-30_14:37:13 | Session ID: 1743338233 | Name: unknown    | DELETE | Status: SUCCESS    | File: /temp_file.txt
2025-03-30_14:37:13 | Session ID: 1743338233 | Name: unknown    | DELETE | Status: REQUESTED  | File: /nothing.txt
2025-03-30_14:38:54 | Session ID: 1743338334 | Name: unknown    | DELETE | Status: REQUESTED  | File: /temp_file.txt
2025-03-30_14:38:54 | Session ID: 1743338334 | Name: unknown    | DELETE | Status: SUCCESS    | File: /temp_file.txt
2025-03-30_14:38:54 | Session ID: 1743338334 | Name: unknown    | DELETE | Status: REQUESTED  | File: /nothing.txt
2025-03-30_15:43:44 | Session ID: 1743342224 | Name: unknown    | DELETE | Status: REQUESTED  | File: /temp_file.txt
2025-03-30_15:43:44 | Session ID: 1743342224 | Name: unknown    | DELETE | Status: SUCCESS    | File: /temp_file.txt
2025-03-30_15:43:44 | Session ID: 1743342224 | Name: unknown    | DELETE | Status: REQUESTED  | File: /nothing.txt
2025-03-30_15:50:15 | Session ID: 1743342615 | Name: unknown    | DELETE | Status: REQUESTED  | File: /temp_file.txt
2025-03-30_15:50:15 | Session ID: 1743342615 | Name: unknown    | DELETE | Status: SUCCESS    | File: /temp_file.txt
2025-03-30_15:50:15 | Session ID: 1743342615 | Name: unknown    | DELETE | Status: REQUESTED  | File: /nothing.txt
2025-03-30_15:51:55 | Session ID: 1743342715 | Name: unknown    | DELETE | Status: REQUESTED  | File: /temp_file.txt
2025-03-30_15:51:55 | Session ID: 1743342715 | Name: unknown    | DELETE | Status: SUCCESS    | File: /temp_file.txt
2025-03-30_15:51:55 | Session ID: 1743342715 | Name: unknown    | DELETE | Status: REQUESTED  | File: /nothing.txt
2025-03-30_16:26:46 | Session ID: 1743344806 | Name: unknown    | DELETE | Status: REQUESTED  | File: /temp_file.txt
2025-03-30_16:26:46 | Session ID: 1743344806 | Name: unknown    | DELETE | Status: SUCCESS    | File: /temp_file.txt
2025-03-30_16:26:46 | Session ID: 1743344806 | Name: unknown    | DELETE | Status: REQUESTED  | File: /nothing.txt
2025-03-30_16:28:26 | Session ID: 1743344906 | Name: unknown    | DELETE | Status: REQUESTED  | File: /temp_file.txt
2025-03-30_16:28:26 | Session ID: 1743344906 | Name: unknown    | DELETE | Status: SUCCESS    | File: /temp_file.txt
2025-03-30_16:28:26 | Session ID: 1743344906 | Name: unknown    | DELETE | Status: REQUESTED  | File: /nothing.txt
2025-03-30_17:01:35 | Session ID: 1743346895 | Name: unknown    | DELETE | Status: REQUESTED  | File: /temp_file.txt
2025-03-30_17:01:35 | Session ID: 1743346895 | Name: unknown    | DELETE | Status: SUCCESS    | File: /temp_file.txt
2025-03-30_17:01:35 | Session ID: 1743346895 | Name: unknown    | DELETE | Status: REQUESTED  | File: /nothing.txt
2025-03-30_17:01:35 | Session ID: 1743346895 | Name: unknown    | DELETE | Status: REQUESTED  | File: /uploads/alise
2025-03-30_17:01:35 | Session ID: 1743346895 | Name: unknown    | DELETE | Status: REQUESTED  | File: /index.html
2025-03-30_17:08:59 | Session ID: 1743347339 | Name: unknown    | DELETE | Status: REQUESTED  | File: /temp_file.txt
2025-03-30_17:08:59 | Session ID: 1743347339 | Name: unknown    | DELETE | Status: SUCCESS    | File: /temp_file.txt
2025-03-30_17:08:59 | Session ID: 1743347339 | Name: unknown    | DELETE | Status: REQUESTED  | File: /nothing.txt
2025-03-30_17:08:59 | Session ID: 1743347339 | Name: unknown    | DELETE | Status: REQUESTED  | File: /uploads/alise
2025-03-30_17:08:59 | Session ID: 1743347339 | Name: unknown    | DELETE | Status: REQUESTED  | File: /index.html
2025-03-30_17:16:21 | Session ID: 1743347781 | Name: unknown    | DELETE | Status: REQUESTED  | File: /temp_file.txt
2025-03-30_17:16:21 | Session ID: 1743347781 | Name: unknown    | DELETE | Status: SUCCESS    | File: /temp_file.txt
2025-03-30_17:16:21 | Session ID: 1743347781 | Name: unknown    | DELETE | Status: REQUESTED  | File: /nothing.txt
2025-03-30_17:16:21 | Session ID: 1743347781 | Name: unknown    | DELETE | Status: REQUESTED  | File: /uploads/alise/
2025-03-30_17:16:21 | Session ID: 1743347781 | Name: unknown    | DELETE | Status: REQUESTED  | File: /uploads/../index.html
2025-03-30_17:24:26 | Session ID: 1743348266 | Name: unknown    | DELETE | Status: REQUESTED  | File: /temp_file.txt
2025-03-30_17:24:26 | Session ID: 1743348266 | Name: unknown    | DELETE | Status: SUCCESS    | File: /temp_file.txt
2025-03-30_17:24:26 | Session ID: 1743348266 | Name: unknown    | DELETE | Status: REQUESTED  | File: /nothing.txt
2025-03-30_17:24:26 | Session ID: 1743348266 | Name: unknown    | DELETE | Status: REQUESTED  | File: /alise/
2025-03-30_17:27:47 | Session ID: 1743348467 | Name: unknown    | DELETE | Status: REQUESTED  | File: /temp_file.txt
2025-03-30_17:27:47 | Session ID: 1743348467 | Name: unknown    | DELETE | Status: SUCCESS    | File: /temp_file.txt
2025-03-30_17:27:47 | Session ID: 1743348467 | Name: unknown    | DELETE | Status: REQUESTED  | File: /nothing.txt
2025-03-30_17:27:47 | Session ID: 1743348467 | Name: unknown    | DELETE | Status: REQUESTED  | File: /alise/
2025-03-30_18:52:08 | Session ID: 1743353528 | Name: unknown    | DELETE | Status: REQUESTED  | File: /temp_file.txt
2025-03-30_18:52:08 | Session ID: 1743353528 | Name: unknown    | DELETE | Status: SUCCESS    | File: /temp_file.txt
2025-03-30_18:52:08 | Session ID: 1743353528 | Name: unknown    | DELETE | Status: REQUESTED  | File: /nothing.txt
2025-03-30_18:52:08 | Session ID: 1743353528 | Name: unknown    | DELETE | Status: REQUESTED  | File: /alise/
2025-03-30_18:56:31 | Session ID: 1743353791 | Name: unknown    | DELETE | Status: REQUESTED  | File: /temp_file.txt
2025-03-30_18:56:31 | Session ID: 1743353791 | Name: unknown    | DELETE | Status: SUCCESS    | File: /temp_file.txt
2025-03-30_18:56:31 | Session ID: 1743353791 | Name: unknown    | DELETE | Status: REQUESTED  | File: /nothing.txt
2025-03-30_18:56:31 | Session ID: 1743353791 | Name: unknown    | DELETE | Status: REQUESTED  | File: /alise/
2025-03-30_19:07:13 | Session ID: 1743354433 | Name: unknown    | UPLOAD | Status: REQUESTED  | File: original= greetings.txt, sanitized= greetings.txt, saved= greetings_2025-03-30_19:07:13.txt
2025-03-30_19:07:13 | Session ID: 1743354433 | Name: unknown    | UPLOAD | Status: SUCCESS    | File: original= greetings.txt, sanitized= greetings.txt, saved= greetings_2025-03-30_19:07:13.txt
2025-03-30_19:07:13 | Session ID: 1743354433 | Name: unknown    | DELETE | Status: REQUESTED  | File: /temp_file.txt
2025-03-30_19:07:13 | Session ID: 1743354433 | Name: unknown    | DELETE | Status: SUCCESS    | File: /temp_file.txt
2025-03-30_19:07:13 | Session ID: 1743354433 | Name: unknown    | DELETE | Status: REQUESTED  | File: /nothing.txt
2025-03-30_19:07:13 | Session ID: 1743354433 | Name: unknown    | DELETE | Status: REQUESTED  | File: /alise/
2025-03-30_19:13:57 | Session ID: 1743354837 | Name: unknown    | UPLOAD | Status: REQUESTED  | File: original= greetings.txt, sanitized= greetings.txt, saved= greetings_2025-03-30_19:13:57.txt
2025-03-30_19:13:57 | Session ID: 1743354837 | Name: unknown    | UPLOAD | Status: SUCCESS    | File: original= greetings.txt, sanitized= greetings.txt, saved= greetings_2025-03-30_19:13:57.txt
2025-03-30_19:13:57 | Session ID: 1743354837 | Name: unknown    | DELETE | Status: REQUESTED  | File: /temp_file.txt
2025-03-30_19:13:57 | Session ID: 1743354837 | Name: unknown    | DELETE | Status: SUCCESS    | File: /temp_file.txt
2025-03-30_19:13:57 | Session ID: 1743354837 | Name: unknown    | DELETE | Status: REQUESTED  | File: /nothing.txt
2025-03-30_19:13:57 | Session ID: 1743354837 | Name: unknown    | DELETE | Status: REQUESTED  | File: /alise/
2025-03-30_19:45:39 | Session ID: 1743356739 | Name: unknown    | UPLOAD | Status: REQUESTED  | File: original= greetings.txt, sanitized= greetings.txt, saved= greetings_2025-03-30_19:45:39.txt
2025-03-30_19:45:39 | Session ID: 1743356739 | Name: unknown    | UPLOAD | Status: SUCCESS    | File: original= greetings.txt, sanitized= greetings.txt, saved= greetings_2025-03-30_19:45:39.txt
2025-03-30_20:01:09 | Session ID: 1743357669 | Name: unknown    | DELETE | Status: REQUESTED  | File: /temp_file.txt
2025-03-30_20:01:09 | Session ID: 1743357669 | Name: unknown    | DELETE | Status: SUCCESS    | File: /temp_file.txt
2025-03-30_20:01:09 | Session ID: 1743357669 | Name: unknown    | DELETE | Status: REQUESTED  | File: /nothing.txt
2025-03-30_20:01:09 | Session ID: 1743357669 | Name: unknown    | DELETE | Status: REQUESTED  | File: /alise/
2025-03-30_20:03:25 | Session ID: 1743357805 | Name: unknown    | DELETE | Status: REQUESTED  | File: /temp_file.txt
2025-03-30_20:03:25 | Session ID: 1743357805 | Name: unknown    | DELETE | Status: SUCCESS    | File: /temp_file.txt
2025-03-30_20:03:25 | Session ID: 1743357805 | Name: unknown    | DELETE | Status: REQUESTED  | File: /nothing.txt
2025-03-30_20:03:25 | Session ID: 1743357805 | Name: unknown    | DELETE | Status: REQUESTED  | File: /alise/
2025-03-30_20:04:54 | Session ID: 1743357894 | Name: unknown    | UPLOAD | Status: REQUESTED  | File: original= greetings.txt, sanitized= greetings.txt, saved= greetings_2025-03-30_20:04:54.txt
2025-03-30_20:04:54 | Session ID: 1743357894 | Name: unknown    | UPLOAD | Status: SUCCESS    | File: original= greetings.txt, sanitized= greetings.txt, saved= greetings_2025-03-30_20:04:54.txt
2025-03-30_20:04:54 | Session ID: 1743357894 | Name: unknown    | DELETE | Status: REQUESTED  | File: /temp_file.txt
2025-03-30_20:04:54 | Session ID: 1743357894 | Name: unknown    | DELETE | Status: SUCCESS    | File: /temp_file.txt
2025-03-30_20:04:54 | Session ID: 1743357894 | Name: unknown    | DELETE | Status: REQUESTED  | File: /nothing.txt
2025-03-30_20:04:54 | Session ID: 1743357894 | Name: unknown    | DELETE | Status: REQUESTED  | File: /alise/
2025-03-30_20:20:54 | Session ID: 1743358854 | Name: unknown    | UPLOAD | Status: REQUESTED  | File: original= greetings.txt, sanitized= greetings.txt, saved= greetings_2025-03-30_20:20:54.txt
2025-03-30_20:20:54 | Session ID: 1743358854 | Name: unknown    | UPLOAD | Status: SUCCESS    | File: original= greetings.txt, sanitized= greetings.txt, saved= greetings_2025-03-30_20:20:54.txt
2025-03-30_20:20:54 | Session ID: 1743358854 | Name: unknown    | DELETE | Status: REQUESTED  | File: /temp_file.txt
2025-03-30_20:20:54 | Session ID: 1743358854 | Name: unknown    | DELETE | Status: SUCCESS    | File: /temp_file.txt
2025-03-30_20:20:54 | Session ID: 1743358854 | Name: unknown    | DELETE | Status: REQUESTED  | File: /nothing.txt
2025-03-30_20:20:54 | Session ID: 1743358854 | Name: unknown    | DELETE | Status: REQUESTED  | File: /alise/
2025-03-30_20:22:01 | Session ID: 1743358921 | Name: unknown    | UPLOAD | Status: REQUESTED  | File: original= greetings.txt, sanitized= greetings.txt, saved= greetings_2025-03-30_20:22:01.txt
2025-03-30_20:22:01 | Session ID: 1743358921 | Name: unknown    | UPLOAD | Status: SUCCESS    | File: original= greetings.txt, sanitized= greetings.txt, saved= greetings_2025-03-30_20:22:01.txt
2025-03-30_20:22:01 | Session ID: 1743358921 | Name: unknown    | DELETE | Status: REQUESTED  | File: /temp_file.txt
2025-03-30_20:22:01 | Session ID: 1743358921 | Name: unknown    | DELETE | Status: SUCCESS    | File: /temp_file.txt
2025-03-30_20:22:01 | Session ID: 1743358921 | Name: unknown    | DELETE | Status: REQUESTED  | File: /nothing.txt
2025-03-30_20:22:01 | Session ID: 1743358921 | Name: unknown    | DELETE | Status: REQUESTED  | File: /alise/
2025-03-30_20:22:35 | Session ID: 1743358955 | Name: unknown    | UPLOAD | Status: REQUESTED  | File: original= greetings.txt, sanitized= greetings.txt, saved= greetings_2025-03-30_20:22:35.txt
2025-03-30_20:22:35 | Session ID: 1743358955 | Name: unknown    | UPLOAD | Status: SUCCESS    | File: original= greetings.txt, sanitized= greetings.txt, saved= greetings_2025-03-30_20:22:35.txt
2025-03-30_20:22:35 | Session ID: 1743358955 | Name: unknown    | DELETE | Status: REQUESTED  | File: /temp_file.txt
2025-03-30_20:22:35 | Session ID: 1743358955 | Name: unknown    | DELETE | Status: SUCCESS    | File: /temp_file.txt
2025-03-30_20:22:35 | Session ID: 1743358955 | Name: unknown    | DELETE | Status: REQUESTED  | File: /nothing.txt
2025-03-30_20:22:35 | Session ID: 1743358955 | Name: unknown    | DELETE | Status: REQUESTED  | File: /alise/
2025-03-30_20:22:35 | Session ID: 1743358955 | Name: unknown    | DELETE | Status: REQUESTED  | File: /temp_file.txt
2025-03-30_20:22:35 | Session ID: 1743358955 | Name: unknown    | DELETE | Status: SUCCESS    | File: /temp_file.txt
2025-03-30_20:22:35 | Session ID: 1743358955 | Name: unknown    | DELETE | Status: REQUESTED  | File: /nothing.txt
2025-03-30_20:22:35 | Session ID: 1743358955 | Name: unknown    | DELETE | Status: REQUESTED  | File: /alise/
2025-03-30_20:22:35 | Session ID: 1743358955 | Name: unknown    | UPLOAD | Status: REQUESTED  | File: original= greetings.txt, sanitized= greetings.txt, saved= greetings_2025-03-30_20:22:35.txt
2025-03-30_20:22:35 | Session ID: 1743358955 | Name: unknown    | UPLOAD | Status: SUCCESS    | File: original= greetings.txt, sanitized= greetings.txt, saved= greetings_2025-03-30_20:22:35.txt
2025-03-30_20:23:37 | Session ID: 1743359017 | Name: unknown    | UPLOAD | Status: REQUESTED  | File: original= greetings.txt, sanitized= greetings.txt, saved= greetings_2025-03-30_20:23:37.txt
2025-03-30_20:23:37 | Session ID: 1743359017 | Name: unknown    | UPLOAD | Status: SUCCESS    | File: original= greetings.txt, sanitized= greetings.txt, saved= greetings_2025-03-30_20:23:37.txt
2025-03-30_20:23:37 | Session ID: 1743359017 | Name: unknown    | DELETE | Status: REQUESTED  | File: /temp_file.txt
2025-03-30_20:23:37 | Session ID: 1743359017 | Name: unknown    | DELETE | Status: SUCCESS    | File: /temp_file.txt
2025-03-30_20:23:37 | Session ID: 1743359017 | Name: unknown    | DELETE | Status: REQUESTED  | File: /nothing.txt
2025-03-30_20:23:37 | Session ID: 1743359017 | Name: unknown    | DELETE | Status: REQUESTED  | File: /alise/
2025-03-30_20:23:37 | Session ID: 1743359017 | Name: unknown    | DELETE | Status: REQUESTED  | File: /temp_file.txt
2025-03-30_20:23:37 | Session ID: 1743359017 | Name: unknown    | DELETE | Status: SUCCESS    | File: /temp_file.txt
2025-03-30_20:23:37 | Session ID: 1743359017 | Name: unknown    | DELETE | Status: REQUESTED  | File: /nothing.txt
2025-03-30_20:23:37 | Session ID: 1743359017 | Name: unknown    | DELETE | Status: REQUESTED  | File: /alise/
2025-03-30_20:23:37 | Session ID: 1743359017 | Name: unknown    | UPLOAD | Status: REQUESTED  | File: original= greetings.txt, sanitized= greetings.txt, saved= greetings_2025-03-30_20:23:37.txt
2025-03-30_20:23:37 | Session ID: 1743359017 | Name: unknown    | UPLOAD | Status: SUCCESS    | File: original= greetings.txt, sanitized= greetings.txt, saved= greetings_2025-03-30_20:23:37.txt
2025-03-30_20:27:06 | Session ID: 1743359226 | Name: unknown    | UPLOAD | Status: REQUESTED  | File: original= greetings.txt, sanitized= greetings.txt, saved= greetings_2025-03-30_20:27:06.txt
2025-03-30_20:27:06 | Session ID: 1743359226 | Name: unknown    | UPLOAD | Status: SUCCESS    | File: original= greetings.txt, sanitized= greetings.txt, saved= greetings_2025-03-30_20:27:06.txt
2025-03-30_20:27:06 | Session ID: 1743359226 | Name: unknown    | DELETE | Status: REQUESTED  | File: /temp_file.txt
2025-03-30_20:27:06 | Session ID: 1743359226 | Name: unknown    | DELETE | Status: SUCCESS    | File: /temp_file.txt
2025-03-30_20:27:06 | Session ID: 1743359226 | Name: unknown    | DELETE | Status: REQUESTED  | File: /nothing.txt
2025-03-30_20:27:06 | Session ID: 1743359226 | Name: unknown    | DELETE | Status: REQUESTED  | File: /alise/
2025-03-30_20:30:26 | Session ID: 1743359426 | Name: unknown    | DELETE | Status: REQUESTED  | File: /temp_file.txt
2025-03-30_20:30:26 | Session ID: 1743359426 | Name: unknown    | DELETE | Status: SUCCESS    | File: /temp_file.txt
2025-03-30_20:30:26 | Session ID: 1743359426 | Name: unknown    | DELETE | Status: REQUESTED  | File: /nothing.txt
2025-03-30_20:30:26 | Session ID: 1743359426 | Name: unknown    | DELETE | Status: REQUESTED  | File: /alise/
2025-03-30_20:31:16 | Session ID: 1743359476 | Name: unknown    | UPLOAD | Status: REQUESTED  | File: original= greetings.txt, sanitized= greetings.txt, saved= greetings_2025-03-30_20:31:16.txt
2025-03-30_20:31:16 | Session ID: 1743359476 | Name: unknown    | UPLOAD | Status: SUCCESS    | File: original= greetings.txt, sanitized= greetings.txt, saved= greetings_2025-03-30_20:31:16.txt
