2025-03-28_18:49:23 | Session ID: 1743184153 | Name: unknown | Form data: 
message: moikkulis koikkulis!
subject: Alise
2025-03-28_21:07:25 | Session ID: 1743192422 | Name: unknown | Form data: 
message: good evenin
subject: Alise
2025-03-29_19:02:18 | Session ID: 1743271321 | Name: unknown | Form data: 
message: moi
subject: Alise
2025-03-29_19:05:23 | Session ID: 1743271321 | Name: unknown | Form data: 
message: moikka
subject: Alise
2025-03-29_19:40:05 | Session ID: 1743271321 | Name: unknown | Form data: 
message: moikka
subject: Alise
2025-03-29_19:40:55 | Session ID: 1743271321 | Name: unknown | Form data: 
message: moikka
subject: Alise
2025-03-29_19:43:23 | Session ID: 1743273803 | Name: unknown | Form data: 
message: moikka
subject: Alise
2025-03-29_19:43:42 | Session ID: 1743273822 | Name: unknown | Form data: 
message: moikka
subject: Alise
2025-03-29_19:46:35 | Session ID: 1743273995 | Name: unknown | Form data: 
message: moikka
subject: Alise
2025-03-29_19:48:00 | Session ID: 1743274080 | Name: unknown | Form data: 
message: moikka
subject: Alise
2025-03-29_19:48:09 | Session ID: 1743274089 | Name: unknown | Form data: 
message: moikka
subject: Alise
2025-03-29_19:51:52 | Session ID: 1743274312 | Name: unknown | Form data: 
message: moikka
subject: Alise
2025-03-29_19:52:17 | Session ID: 1743274337 | Name: unknown | Form data: 
message: moikka
subject: Alise
2025-03-29_20:01:29 | Session ID: 1743274889 | Name: unknown | Form data: 
message: moikka
subject: Alise
2025-03-29_20:15:03 | Session ID: 1743275703 | Name: unknown | Form data: 
message: moikka
subject: Alise
2025-03-29_20:17:13 | Session ID: 1743275833 | Name: unknown | Form data: 
message: moikka
subject: Alise
2025-03-29_20:18:46 | Session ID: 1743275926 | Name: unknown | Form data: 
message: moikka
subject: Alise
2025-03-29_20:18:46 | Session ID: 1743275926 | Name: unknown | Form data: 
message: moikka
subject: Alise
2025-03-29_20:25:40 | Session ID: 1743276340 | Name: unknown | Form data: 
message: moikka
subject: Alise
2025-03-29_20:27:02 | Session ID: 1743276422 | Name: unknown | Form data: 
message: moikka
subject: Alise
2025-03-29_20:27:02 | Session ID: 1743276422 | Name: unknown | Form data: 
message: moikka
subject: Alise
2025-03-29_20:30:22 | Session ID: 1743276622 | Name: unknown | Form data: 
message: moikka
subject: Alise
2025-03-29_20:30:22 | Session ID: 1743276622 | Name: unknown | Form data: 
message: moikka
subject: Alise
2025-03-29_20:32:55 | Session ID: 1743276775 | Name: unknown | Form data: 
message: moikka
subject: Alise
2025-03-29_20:32:55 | Session ID: 1743276775 | Name: unknown | Form data: 
message: moikka
subject: Alise
2025-03-29_20:51:29 | Session ID: 1743277889 | Name: unknown | Form data: 
message: moikka
subject: Alise
2025-03-29_20:51:29 | Session ID: 1743277889 | Name: unknown | Form data: 
message: moikka
subject: Alise
2025-03-29_20:59:14 | Session ID: 1743278354 | Name: unknown | Form data: 
message: moikka
subject: Alise
2025-03-29_20:59:42 | Session ID: 1743278382 | Name: unknown | Form data: 
message: moikka
subject: Alise
2025-03-30_12:32:30 | Session ID: 1743330750 | Name: unknown | Form data: 
message: moikka
subject: Alise
2025-03-30_12:35:50 | Session ID: 1743330950 | Name: unknown | Form data: 
message: moikka
subject: Alise
2025-03-30_12:41:46 | Session ID: 1743331306 | Name: unknown | Form data: 
message: moikka
subject: Alise
2025-03-30_12:52:09 | Session ID: 1743331929 | Name: unknown | Form data: 
message: moikka
subject: Alise
2025-03-30_13:06:51 | Session ID: 1743332811 | Name: unknown | Form data: 
message: moikka
subject: Alise
2025-03-30_13:09:07 | Session ID: 1743332947 | Name: unknown | Form data: 
message: moikka
subject: Alise
2025-03-30_13:09:57 | Session ID: 1743332997 | Name: unknown | Form data: 
message: moikka
subject: Alise
2025-03-30_13:14:37 | Session ID: 1743333277 | Name: unknown | Form data: 
message: moikka
subject: Alise
2025-03-30_13:56:27 | Session ID: 1743335787 | Name: unknown | Form data: 
message: moikka
subject: Alise
2025-03-30_14:37:13 | Session ID: 1743338233 | Name: unknown | Form data: 
message: moikka
subject: Alise
2025-03-30_14:38:54 | Session ID: 1743338334 | Name: unknown | Form data: 
message: moikka
subject: Alise
2025-03-30_15:43:44 | Session ID: 1743342224 | Name: unknown | Form data: 
message: moikka
subject: Alise
2025-03-30_15:43:44 | Session ID: 1743342224 | Name: unknown | Form data: 
message: moikka
subject: Alise
2025-03-30_15:47:04 | Session ID: 1743342424 | Name: unknown | Form data: 
message: moikka
subject: Alise
2025-03-30_15:50:15 | Session ID: 1743342615 | Name: unknown | Form data: 
message: moikka
subject: Alise
2025-03-30_15:51:55 | Session ID: 1743342715 | Name: unknown | Form data: 
message: moikka
subject: Alise
2025-03-30_16:26:46 | Session ID: 1743344806 | Name: unknown | Form data: 
message: moikka
subject: Alise
2025-03-30_16:28:26 | Session ID: 1743344906 | Name: unknown | Form data: 
message: moikka
subject: Alise
2025-03-30_17:01:35 | Session ID: 1743346895 | Name: unknown | Form data: 
message: moikka
subject: Alise
2025-03-30_17:08:59 | Session ID: 1743347339 | Name: unknown | Form data: 
message: moikka
subject: Alise
2025-03-30_17:16:21 | Session ID: 1743347781 | Name: unknown | Form data: 
message: moikka
subject: Alise
2025-03-30_17:24:26 | Session ID: 1743348266 | Name: unknown | Form data: 
message: moikka
subject: Alise
2025-03-30_17:28:37 | Session ID: 1743348517 | Name: unknown | Form data: 
message: moikka
subject: Alise
2025-03-30_18:52:08 | Session ID: 1743353528 | Name: unknown | Form data: 
message: moikka
subject: Alise
2025-03-30_18:56:31 | Session ID: 1743353791 | Name: unknown | Form data: 
message: moikka
subject: Alise
2025-03-30_19:07:13 | Session ID: 1743354433 | Name: unknown | Form data: 
message: moikka
subject: Alise
2025-03-30_19:13:57 | Session ID: 1743354837 | Name: unknown | Form data: 
message: moikka
subject: Alise
2025-03-30_19:45:39 | Session ID: 1743356739 | Name: unknown | Form data: 
message: moikka
subject: Alise
2025-03-30_19:53:25 | Session ID: 1743357205 | Name: unknown | Form data: 
message: moikka
subject: Alise
2025-03-30_20:01:09 | Session ID: 1743357669 | Name: unknown | Form data: 
message: moikka
subject: Alise
2025-03-30_20:03:25 | Session ID: 1743357805 | Name: unknown | Form data: 
message: moikka
subject: Alise
2025-03-30_20:04:54 | Session ID: 1743357894 | Name: unknown | Form data: 
message: moikka
subject: Alise
2025-03-30_20:20:54 | Session ID: 1743358854 | Name: unknown | Form data: 
message: moikka
subject: Alise
2025-03-30_20:22:01 | Session ID: 1743358921 | Name: unknown | Form data: 
message: moikka
subject: Alise
2025-03-30_20:22:35 | Session ID: 1743358955 | Name: unknown | Form data: 
message: moikka
subject: Alise
2025-03-30_20:22:35 | Session ID: 1743358955 | Name: unknown | Form data: 
message: moikka
subject: Alise
2025-03-30_20:23:37 | Session ID: 1743359017 | Name: unknown | Form data: 
message: moikka
subject: Alise
2025-03-30_20:23:37 | Session ID: 1743359017 | Name: unknown | Form data: 
message: moikka
subject: Alise
2025-03-30_20:27:06 | Session ID: 1743359226 | Name: unknown | Form data: 
message: moikka
subject: Alise
2025-03-30_20:31:16 | Session ID: 1743359476 | Name: unknown | Form data: 
message: moikka
subject: Alise
