2025-03-24_19:47:15 | Session ID: 1742842029 | Name: unknown    | Page: /upload.html
2025-03-24_19:47:22 | Session ID: 1742842029 | Name: unknown    | Page: /upload_done.html
2025-03-24_19:47:28 | Session ID: 1742842029 | Name: unknown    | Page: /index.html
2025-03-24_19:47:30 | Session ID: 1742842029 | Name: unknown    | Page: /delete.html
2025-03-24_19:47:53 | Session ID: 1742842029 | Name: unknown    | Page: /index.html
2025-03-24_19:47:56 | Session ID: 1742842029 | Name: unknown    | Page: /upload.html
2025-03-24_19:48:01 | Session ID: 1742842029 | Name: unknown    | Page: /upload_done.html
2025-03-24_19:48:09 | Session ID: 1742842029 | Name: unknown    | Page: /index.html
2025-03-24_19:48:10 | Session ID: 1742842029 | Name: unknown    | Page: /about.html
2025-03-24_19:48:12 | Session ID: 1742842029 | Name: unknown    | Page: /index.html
2025-03-28_17:47:59 | Session ID: 1743180479 | Name: unknown    | Page: /index.html
2025-03-28_17:48:12 | Session ID: 1743180492 | Name: unknown    | Page: /index.html
2025-03-28_18:04:47 | Session ID: 1743181487 | Name: unknown    | Page: /index.html
2025-03-28_18:09:52 | Session ID: 1743181792 | Name: unknown    | Page: /index.html
2025-03-28_18:11:52 | Session ID: 1743181912 | Name: unknown    | Page: /index.html
2025-03-28_18:41:11 | Session ID: 1743183671 | Name: unknown    | Page: /index.html
2025-03-28_18:41:43 | Session ID: 1743183703 | Name: unknown    | Page: /index.html
2025-03-28_18:46:12 | Session ID: 1743183972 | Name: unknown    | Page: /index.html
2025-03-28_18:46:16 | Session ID: 1743183976 | Name: unknown    | Page: /index.html
2025-03-28_18:49:15 | Session ID: 1743184153 | Name: unknown    | Page: /contact.html
2025-03-28_18:49:23 | Session ID: 1743184153 | Name: unknown    | Page: /success.html
2025-03-28_18:53:48 | Session ID: 1743184428 | Name: unknown    | Page: /index.html
2025-03-28_18:55:09 | Session ID: 1743184509 | Name: unknown    | Page: /index.html
2025-03-28_18:56:28 | Session ID: 1743184588 | Name: unknown    | Page: /index.html
2025-03-28_18:57:24 | Session ID: 1743184644 | Name: unknown    | Page: /index.html
2025-03-28_18:58:53 | Session ID: 1743184733 | Name: unknown    | Page: /index.html
2025-03-28_19:01:32 | Session ID: 1743184892 | Name: unknown    | Page: /index.html
2025-03-28_19:06:07 | Session ID: 1743185167 | Name: unknown    | Page: /index.html
2025-03-28_19:07:08 | Session ID: 1743185228 | Name: unknown    | Page: /index.html
2025-03-28_21:07:16 | Session ID: 1743192422 | Name: unknown    | Page: /contact.html
2025-03-28_21:07:25 | Session ID: 1743192422 | Name: unknown    | Page: /success.html
2025-03-28_21:23:02 | Session ID: 1743193382 | Name: unknown    | Page: /index.html
2025-03-28_21:27:20 | Session ID: 1743193640 | Name: unknown    | Page: /index.html
2025-03-28_21:29:24 | Session ID: 1743193764 | Name: unknown    | Page: /index.html
2025-03-28_21:32:07 | Session ID: 1743193927 | Name: unknown    | Page: /index.html
